# JRE version: Java(TM) SE Runtime Environment (8.0_121-b13) (build 1.8.0_121-b13)
# Java VM: Java HotSpot(TM) 64-Bit Server VM (25.121-b13 mixed mode windows-amd64 compressed oops)
Heap:
 PSYoungGen      total 27648K, used 7517K [0x000000076b580000, 0x000000076d400000, 0x00000007c0000000)
  eden space 24064K, 30% used [0x000000076b580000,0x000000076bcbf418,0x000000076cd00000)
  from space 3584K, 2% used [0x000000076d080000,0x000000076d098000,0x000000076d400000)
  to   space 3584K, 0% used [0x000000076cd00000,0x000000076cd00000,0x000000076d080000)
 ParOldGen       total 173568K, used 18126K [0x00000006c2000000, 0x00000006cc980000, 0x000000076b580000)
  object space 173568K, 10% used [0x00000006c2000000,0x00000006c31b3938,0x00000006cc980000)
 Metaspace       used 17814K, capacity 18072K, committed 18432K, reserved 1064960K
  class space    used 2408K, capacity 2478K, committed 2560K, reserved 1048576K
GC Heap History (10 events):
Event: 51004.423 GC heap before
{Heap before GC invocations=359 (full 7):
 PSYoungGen      total 24576K, used 24160K [0x000000076b580000, 0x000000076d500000, 0x00000007c0000000)
  eden space 24064K, 100% used [0x000000076b580000,0x000000076cd00000,0x000000076cd00000)
  from space 512K, 18% used [0x000000076cd00000,0x000000076cd18000,0x000000076cd80000)
  to   space 4096K, 0% used [0x000000076d100000,0x000000076d100000,0x000000076d500000)
 ParOldGen       total 173568K, used 18054K [0x00000006c2000000, 0x00000006cc980000, 0x000000076b580000)
  object space 173568K, 10% used [0x00000006c2000000,0x00000006c31a1938,0x00000006cc980000)
 Metaspace       used 17814K, capacity 18072K, committed 18432K, reserved 1064960K
  class space    used 2408K, capacity 2478K, committed 2560K, reserved 1048576K
Event: 51004.425 GC heap after
Heap after GC invocations=359 (full 7):
 PSYoungGen      total 28160K, used 96K [0x000000076b580000, 0x000000076d500000, 0x00000007c0000000)
  eden space 24064K, 0% used [0x000000076b580000,0x000000076b580000,0x000000076cd00000)
  from space 4096K, 2% used [0x000000076d100000,0x000000076d118000,0x000000076d500000)
  to   space 4096K, 0% used [0x000000076cd00000,0x000000076cd00000,0x000000076d100000)
 ParOldGen       total 173568K, used 18094K [0x00000006c2000000, 0x00000006cc980000, 0x000000076b580000)
  object space 173568K, 10% used [0x00000006c2000000,0x00000006c31ab938,0x00000006cc980000)
 Metaspace       used 17814K, capacity 18072K, committed 18432K, reserved 1064960K
  class space    used 2408K, capacity 2478K, committed 2560K, reserved 1048576K
}
Event: 53207.082 GC heap before
{Heap before GC invocations=360 (full 7):
 PSYoungGen      total 28160K, used 24160K [0x000000076b580000, 0x000000076d500000, 0x00000007c0000000)
  eden space 24064K, 100% used [0x000000076b580000,0x000000076cd00000,0x000000076cd00000)
  from space 4096K, 2% used [0x000000076d100000,0x000000076d118000,0x000000076d500000)
  to   space 4096K, 0% used [0x000000076cd00000,0x000000076cd00000,0x000000076d100000)
 ParOldGen       total 173568K, used 18094K [0x00000006c2000000, 0x00000006cc980000, 0x000000076b580000)
  object space 173568K, 10% used [0x00000006c2000000,0x00000006c31ab938,0x00000006cc980000)
 Metaspace       used 17814K, capacity 18072K, committed 18432K, reserved 1064960K
  class space    used 2408K, capacity 2478K, committed 2560K, reserved 1048576K
Event: 53207.084 GC heap after
Heap after GC invocations=360 (full 7):
 PSYoungGen      total 28160K, used 128K [0x000000076b580000, 0x000000076d500000, 0x00000007c0000000)
  eden space 24064K, 0% used [0x000000076b580000,0x000000076b580000,0x000000076cd00000)
  from space 4096K, 3% used [0x000000076cd00000,0x000000076cd20000,0x000000076d100000)
  to   space 4096K, 0% used [0x000000076d100000,0x000000076d100000,0x000000076d500000)
 ParOldGen       total 173568K, used 18094K [0x00000006c2000000, 0x00000006cc980000, 0x000000076b580000)
  object space 173568K, 10% used [0x00000006c2000000,0x00000006c31ab938,0x00000006cc980000)
 Metaspace       used 17814K, capacity 18072K, committed 18432K, reserved 1064960K
  class space    used 2408K, capacity 2478K, committed 2560K, reserved 1048576K
}
Event: 55407.085 GC heap before
{Heap before GC invocations=361 (full 7):
 PSYoungGen      total 28160K, used 24192K [0x000000076b580000, 0x000000076d500000, 0x00000007c0000000)
  eden space 24064K, 100% used [0x000000076b580000,0x000000076cd00000,0x000000076cd00000)
  from space 4096K, 3% used [0x000000076cd00000,0x000000076cd20000,0x000000076d100000)
  to   space 4096K, 0% used [0x000000076d100000,0x000000076d100000,0x000000076d500000)
 ParOldGen       total 173568K, used 18094K [0x00000006c2000000, 0x00000006cc980000, 0x000000076b580000)
  object space 173568K, 10% used [0x00000006c2000000,0x00000006c31ab938,0x00000006cc980000)
 Metaspace       used 17814K, capacity 18072K, committed 18432K, reserved 1064960K
  class space    used 2408K, capacity 2478K, committed 2560K, reserved 1048576K
Event: 55407.086 GC heap after
Heap after GC invocations=361 (full 7):
 PSYoungGen      total 27136K, used 96K [0x000000076b580000, 0x000000076d400000, 0x00000007c0000000)
  eden space 24064K, 0% used [0x000000076b580000,0x000000076b580000,0x000000076cd00000)
  from space 3072K, 3% used [0x000000076d100000,0x000000076d118000,0x000000076d400000)
  to   space 3584K, 0% used [0x000000076cd00000,0x000000076cd00000,0x000000076d080000)
 ParOldGen       total 173568K, used 18126K [0x00000006c2000000, 0x00000006cc980000, 0x000000076b580000)
  object space 173568K, 10% used [0x00000006c2000000,0x00000006c31b3938,0x00000006cc980000)
 Metaspace       used 17814K, capacity 18072K, committed 18432K, reserved 1064960K
  class space    used 2408K, capacity 2478K, committed 2560K, reserved 1048576K
}
Event: 58845.278 GC heap before
{Heap before GC invocations=362 (full 7):
 PSYoungGen      total 27136K, used 24160K [0x000000076b580000, 0x000000076d400000, 0x00000007c0000000)
  eden space 24064K, 100% used [0x000000076b580000,0x000000076cd00000,0x000000076cd00000)
  from space 3072K, 3% used [0x000000076d100000,0x000000076d118000,0x000000076d400000)
  to   space 3584K, 0% used [0x000000076cd00000,0x000000076cd00000,0x000000076d080000)
 ParOldGen       total 173568K, used 18126K [0x00000006c2000000, 0x00000006cc980000, 0x000000076b580000)
  object space 173568K, 10% used [0x00000006c2000000,0x00000006c31b3938,0x00000006cc980000)
 Metaspace       used 17814K, capacity 18072K, committed 18432K, reserved 1064960K
  class space    used 2408K, capacity 2478K, committed 2560K, reserved 1048576K
Event: 58845.279 GC heap after
Heap after GC invocations=362 (full 7):
 PSYoungGen      total 27648K, used 96K [0x000000076b580000, 0x000000076d400000, 0x00000007c0000000)
  eden space 24064K, 0% used [0x000000076b580000,0x000000076b580000,0x000000076cd00000)
  from space 3584K, 2% used [0x000000076cd00000,0x000000076cd18000,0x000000076d080000)
  to   space 3584K, 0% used [0x000000076d080000,0x000000076d080000,0x000000076d400000)
 ParOldGen       total 173568K, used 18126K [0x00000006c2000000, 0x00000006cc980000, 0x000000076b580000)
  object space 173568K, 10% used [0x00000006c2000000,0x00000006c31b3938,0x00000006cc980000)
 Metaspace       used 17814K, capacity 18072K, committed 18432K, reserved 1064960K
  class space    used 2408K, capacity 2478K, committed 2560K, reserved 1048576K
}
Event: 62744.415 GC heap before
{Heap before GC invocations=363 (full 7):
 PSYoungGen      total 27648K, used 24160K [0x000000076b580000, 0x000000076d400000, 0x00000007c0000000)
  eden space 24064K, 100% used [0x000000076b580000,0x000000076cd00000,0x000000076cd00000)
  from space 3584K, 2% used [0x000000076cd00000,0x000000076cd18000,0x000000076d080000)
  to   space 3584K, 0% used [0x000000076d080000,0x000000076d080000,0x000000076d400000)
 ParOldGen       total 173568K, used 18126K [0x00000006c2000000, 0x00000006cc980000, 0x000000076b580000)
  object space 173568K, 10% used [0x00000006c2000000,0x00000006c31b3938,0x00000006cc980000)
 Metaspace       used 17814K, capacity 18072K, committed 18432K, reserved 1064960K
  class space    used 2408K, capacity 2478K, committed 2560K, reserved 1048576K
Event: 62744.416 GC heap after
Heap after GC invocations=363 (full 7):
 PSYoungGen      total 27648K, used 96K [0x000000076b580000, 0x000000076d400000, 0x00000007c0000000)
  eden space 24064K, 0% used [0x000000076b580000,0x000000076b580000,0x000000076cd00000)
  from space 3584K, 2% used [0x000000076d080000,0x000000076d098000,0x000000076d400000)
  to   space 3584K, 0% used [0x000000076cd00000,0x000000076cd00000,0x000000076d080000)
 ParOldGen       total 173568K, used 18126K [0x00000006c2000000, 0x00000006cc980000, 0x000000076b580000)
  object space 173568K, 10% used [0x00000006c2000000,0x00000006c31b3938,0x00000006cc980000)
 Metaspace       used 17814K, capacity 18072K, committed 18432K, reserved 1064960K
  class space    used 2408K, capacity 2478K, committed 2560K, reserved 1048576K
}

